2025-09-26 10:04:40,744 - ERROR - Unable to open the csv file: [Errno 2] No such file or directory: '../data/daily_sales.csv'
2025-09-26 10:05:19,253 - INFO - Opened the  csv file successfully
2025-09-26 10:05:19,253 - INFO - Fetching the data for daily report
2025-09-26 10:05:19,259 - INFO - Daily report has been successfully generated
2025-09-26 10:05:19,259 - INFO - Searching for file...
2025-09-26 10:05:19,259 - ERROR - Unable to open the csv file: [Errno 2] No such file or directory: '../data/StorageLeft.csv'
2025-09-26 10:06:26,507 - INFO - Opened the  csv file successfully
2025-09-26 10:06:26,507 - INFO - Fetching the data for daily report
2025-09-26 10:06:26,509 - INFO - Daily report has been successfully generated
2025-09-26 10:06:26,509 - INFO - Searching for file...
2025-09-26 10:06:26,509 - ERROR - Unable to open the csv file: [Errno 2] No such file or directory: '../data/StorageLeft.csv'
2025-09-26 10:07:25,625 - INFO - Opened the  csv file successfully
2025-09-26 10:07:25,625 - INFO - Fetching the data for daily report
2025-09-26 10:07:25,626 - INFO - Daily report has been successfully generated
2025-09-26 10:07:25,626 - INFO - Searching for file...
2025-09-26 10:07:25,626 - ERROR - Unable to open the csv file: [Errno 2] No such file or directory: '../data/StorageLeft.csv'
2025-09-26 10:08:41,718 - INFO - Opened the  csv file successfully
2025-09-26 10:08:41,718 - INFO - Fetching the data for daily report
2025-09-26 10:08:41,719 - INFO - Daily report has been successfully generated
2025-09-26 10:08:41,720 - INFO - Searching for file...
2025-09-26 10:08:41,720 - INFO - Opened the csv file successfully
2025-09-26 10:09:07,675 - INFO - Opened the  csv file successfully
2025-09-26 10:09:07,675 - INFO - Fetching the data for daily report
2025-09-26 10:09:07,677 - INFO - Daily report has been successfully generated
2025-09-26 10:09:07,677 - INFO - Searching for file...
2025-09-26 10:09:07,677 - INFO - Opened the csv file successfully
2025-09-26 10:09:07,678 - INFO - Stora geLeft has been successfully refreshed with the new data
2025-09-26 10:09:27,858 - INFO - Opened the  csv file successfully
2025-09-26 10:09:27,858 - INFO - Fetching the data for daily report
2025-09-26 10:09:27,860 - INFO - Daily report has been successfully generated
2025-09-26 10:09:27,860 - INFO - Searching for file...
2025-09-26 10:09:27,860 - INFO - Opened the csv file successfully
2025-09-26 10:09:27,861 - INFO - Stora geLeft has been successfully refreshed with the new data
2025-09-26 10:09:38,502 - INFO - Opened the  csv file successfully
2025-09-26 10:09:38,502 - INFO - Fetching the data for daily report
2025-09-26 10:09:38,504 - INFO - Daily report has been successfully generated
2025-09-26 10:09:38,504 - INFO - Searching for file...
2025-09-26 10:09:38,504 - INFO - Opened the csv file successfully
2025-09-26 10:18:27,080 - ERROR - Unable to open the csv file: [Errno 2] No such file or directory: '../data/daily_sales.csv'
2025-09-26 10:19:56,248 - ERROR - Unable to open the csv file: [Errno 2] No such file or directory: '../data/daily_sales.csv'
2025-09-26 10:23:41,065 - INFO - Opened the  csv file successfully
2025-09-26 10:23:41,065 - INFO - Fetching the data for daily report
2025-09-26 10:23:41,067 - INFO - Daily report has been successfully generated
2025-09-26 10:23:41,067 - INFO - Searching for file...
2025-09-26 10:23:41,067 - ERROR - Unable to open the csv file: [Errno 2] No such file or directory: '../data/StorageLeft.csv'
2025-09-26 10:24:39,967 - INFO - Opened the  csv file successfully
2025-09-26 10:24:39,967 - INFO - Fetching the data for daily report
2025-09-26 10:24:39,969 - INFO - Daily report has been successfully generated
2025-09-26 10:24:39,969 - INFO - Searching for file...
2025-09-26 10:24:39,969 - INFO - Opened the csv file successfully
2025-09-26 10:24:39,970 - INFO - StorageLeft has been successfully refreshed with the new data
2025-09-26 10:28:38,376 - INFO - Opened the  csv file successfully
2025-09-26 10:28:38,376 - INFO - Fetching the data for daily report
2025-09-26 10:28:38,378 - INFO - Daily report has been successfully generated
2025-09-26 10:28:38,378 - INFO - Searching for file...
2025-09-26 10:28:38,379 - INFO - Opened the csv file successfully
2025-09-26 10:28:38,379 - INFO - StorageLeft has been successfully refreshed with the new data
2025-09-26 10:30:01,466 - INFO - Opened the  csv file successfully
2025-09-26 10:30:01,466 - INFO - Fetching the data for daily report
2025-09-26 10:30:01,468 - INFO - Daily report has been successfully generated
2025-09-26 10:30:01,468 - INFO - Searching for file...
2025-09-26 10:30:01,468 - INFO - Opened the csv file successfully
2025-09-26 10:30:01,469 - INFO - StorageLeft has been successfully refreshed with the new data
2025-09-26 10:32:37,934 - INFO - Opened the  csv file successfully
2025-09-26 10:32:37,934 - INFO - Fetching the data for daily report
2025-09-26 10:33:33,635 - INFO - Opened the  csv file successfully
2025-09-26 10:33:33,635 - INFO - Fetching the data for daily report
2025-09-26 10:33:33,637 - INFO - Daily report has been successfully generated
2025-09-26 10:33:33,637 - INFO - Searching for file...
2025-09-26 10:33:33,638 - INFO - Opened the csv file successfully
2025-09-26 10:33:33,638 - INFO - StorageLeft has been successfully refreshed with the new data
